Scope: all 36 workspace projects
Lockfile is up to date, resolution step is skipped
Packages: +2782
++++++++++++++++++++++++++++++++++++++++++++++++++++++++++++++++++++++++++++++++
Progress: resolved 0, reused 1, downloaded 0, added 0
Progress: resolved 0, reused 1693, downloaded 13, added 43
Progress: resolved 0, reused 1693, downloaded 38, added 929
Progress: resolved 0, reused 1693, downloaded 78, added 2052
Progress: resolved 0, reused 1693, downloaded 113, added 2092
Progress: resolved 0, reused 1693, downloaded 146, added 2126
Progress: resolved 0, reused 1693, downloaded 181, added 2162
Progress: resolved 0, reused 1693, downloaded 212, added 2196
Progress: resolved 0, reused 1693, downloaded 246, added 2239
Progress: resolved 0, reused 1693, downloaded 287, added 2281
Progress: resolved 0, reused 1693, downloaded 327, added 2322
Progress: resolved 0, reused 1693, downloaded 363, added 2361
Progress: resolved 0, reused 1693, downloaded 400, added 2401
Progress: resolved 0, reused 1693, downloaded 435, added 2435
Progress: resolved 0, reused 1693, downloaded 474, added 2474
Progress: resolved 0, reused 1693, downloaded 511, added 2512
Progress: resolved 0, reused 1693, downloaded 547, added 2548
Progress: resolved 0, reused 1693, downloaded 559, added 2558
Progress: resolved 0, reused 1693, downloaded 575, added 2576
Progress: resolved 0, reused 1693, downloaded 603, added 2604
Progress: resolved 0, reused 1693, downloaded 633, added 2639
Progress: resolved 0, reused 1693, downloaded 663, added 2688
Progress: resolved 0, reused 1693, downloaded 698, added 2744
Progress: resolved 0, reused 1693, downloaded 722, added 2778
Progress: resolved 0, reused 1693, downloaded 723, added 2781
